2024/06/20 17:21:06 [error] [php] include(User.php): Failed to open stream: No such file or directory (C:\xampp\htdocs\yii\framework\YiiBase.php:463)
Stack trace:
#0 C:\xampp\htdocs\yii\framework\YiiBase.php(463): include()
#1 C:\xampp\htdocs\yiiapptest\protected\components\UserIdentity.php(22): autoload()
#2 C:\xampp\htdocs\yiiapptest\protected\models\LoginForm.php(54): UserIdentity->authenticate()
#3 C:\xampp\htdocs\yii\framework\validators\CInlineValidator.php(42): LoginForm->authenticate()
#4 C:\xampp\htdocs\yii\framework\validators\CValidator.php(201): CInlineValidator->validateAttribute()
#5 C:\xampp\htdocs\yii\framework\base\CModel.php(159): CInlineValidator->validate()
#6 C:\xampp\htdocs\yiiapptest\protected\controllers\SiteController.php(94): LoginForm->validate()
#7 C:\xampp\htdocs\yii\framework\web\actions\CInlineAction.php(49): SiteController->actionLogin()
#8 C:\xampp\htdocs\yii\framework\web\CController.php(308): CInlineAction->runWithParams()
#9 C:\xampp\htdocs\yii\framework\web\CController.php(286): SiteController->runAction()
#10 C:\xampp\htdocs\yii\framework\web\CController.php(265): SiteController->runActionWithFilters()
#11 C:\xampp\htdocs\yii\framework\web\CWebApplication.php(282): SiteController->run()
#12 C:\xampp\htdocs\yii\framework\web\CWebApplication.php(141): CWebApplication->runController()
#13 C:\xampp\htdocs\yii\framework\base\CApplication.php(185): CWebApplication->processRequest()
#14 C:\xampp\htdocs\yiiapptest\index.php(13): CWebApplication->run()
REQUEST_URI=/yiiapptest/index.php?r=site/login
in C:\xampp\htdocs\yiiapptest\protected\components\UserIdentity.php (22)
in C:\xampp\htdocs\yiiapptest\protected\models\LoginForm.php (54)
in C:\xampp\htdocs\yiiapptest\protected\controllers\SiteController.php (94)
2024/06/20 17:30:23 [error] [system.db.CDbCommand] CDbCommand::fetchAll() failed: SQLSTATE[42S02]: Base table or view not found: 1146 Table 'testing_testyii.users' doesn't exist. The SQL statement executed was: SHOW FULL COLUMNS FROM `users`.
in C:\xampp\htdocs\yiiapptest\protected\controllers\SiteController.php (103)
in C:\xampp\htdocs\yiiapptest\index.php (13)
2024/06/20 17:30:23 [error] [exception.CDbException] CDbException: The table "users" for active record class "User" cannot be found in the database. in C:\xampp\htdocs\yii\framework\db\ar\CActiveRecord.php:2391
Stack trace:
#0 C:\xampp\htdocs\yii\framework\db\ar\CActiveRecord.php(413): CActiveRecordMetaData->__construct(Object(User))
#1 C:\xampp\htdocs\yii\framework\db\ar\CActiveRecord.php(79): CActiveRecord->getMetaData()
#2 C:\xampp\htdocs\yiiapptest\protected\controllers\SiteController.php(103): CActiveRecord->__construct()
#3 C:\xampp\htdocs\yii\framework\web\actions\CInlineAction.php(49): SiteController->actionLogin()
#4 C:\xampp\htdocs\yii\framework\web\CController.php(308): CInlineAction->runWithParams(Array)
#5 C:\xampp\htdocs\yii\framework\web\CController.php(286): CController->runAction(Object(CInlineAction))
#6 C:\xampp\htdocs\yii\framework\web\CController.php(265): CController->runActionWithFilters(Object(CInlineAction), Array)
#7 C:\xampp\htdocs\yii\framework\web\CWebApplication.php(282): CController->run('login')
#8 C:\xampp\htdocs\yii\framework\web\CWebApplication.php(141): CWebApplication->runController('site/login')
#9 C:\xampp\htdocs\yii\framework\base\CApplication.php(185): CWebApplication->processRequest()
#10 C:\xampp\htdocs\yiiapptest\index.php(13): CApplication->run()
#11 {main}
REQUEST_URI=/yiiapptest/index.php?r=site/login
HTTP_REFERER=http://localhost/yiiapptest/index.php?r=site/login
---
2024/06/20 17:31:28 [error] [php] foreach() argument must be of type array|object, null given (C:\xampp\htdocs\yii\framework\db\ar\CActiveRecord.php:2417)
Stack trace:
#0 C:\xampp\htdocs\yii\framework\db\ar\CActiveRecord.php(413): CActiveRecordMetaData->__construct()
#1 C:\xampp\htdocs\yii\framework\db\ar\CActiveRecord.php(79): User->getMetaData()
#2 C:\xampp\htdocs\yiiapptest\protected\controllers\SiteController.php(103): User->__construct()
#3 C:\xampp\htdocs\yii\framework\web\actions\CInlineAction.php(49): SiteController->actionLogin()
#4 C:\xampp\htdocs\yii\framework\web\CController.php(308): CInlineAction->runWithParams()
#5 C:\xampp\htdocs\yii\framework\web\CController.php(286): SiteController->runAction()
#6 C:\xampp\htdocs\yii\framework\web\CController.php(265): SiteController->runActionWithFilters()
#7 C:\xampp\htdocs\yii\framework\web\CWebApplication.php(282): SiteController->run()
#8 C:\xampp\htdocs\yii\framework\web\CWebApplication.php(141): CWebApplication->runController()
#9 C:\xampp\htdocs\yii\framework\base\CApplication.php(185): CWebApplication->processRequest()
#10 C:\xampp\htdocs\yiiapptest\index.php(13): CWebApplication->run()
REQUEST_URI=/yiiapptest/index.php?r=site/login
in C:\xampp\htdocs\yiiapptest\protected\controllers\SiteController.php (103)
in C:\xampp\htdocs\yiiapptest\index.php (13)
2024/06/20 17:41:33 [error] [php] foreach() argument must be of type array|object, null given (C:\xampp\htdocs\yii\framework\db\ar\CActiveRecord.php:2417)
Stack trace:
#0 C:\xampp\htdocs\yii\framework\db\ar\CActiveRecord.php(413): CActiveRecordMetaData->__construct()
#1 C:\xampp\htdocs\yii\framework\db\ar\CActiveRecord.php(79): User->getMetaData()
#2 C:\xampp\htdocs\yiiapptest\protected\controllers\SiteController.php(103): User->__construct()
#3 C:\xampp\htdocs\yii\framework\web\actions\CInlineAction.php(49): SiteController->actionLogin()
#4 C:\xampp\htdocs\yii\framework\web\CController.php(308): CInlineAction->runWithParams()
#5 C:\xampp\htdocs\yii\framework\web\CController.php(286): SiteController->runAction()
#6 C:\xampp\htdocs\yii\framework\web\CController.php(265): SiteController->runActionWithFilters()
#7 C:\xampp\htdocs\yii\framework\web\CWebApplication.php(282): SiteController->run()
#8 C:\xampp\htdocs\yii\framework\web\CWebApplication.php(141): CWebApplication->runController()
#9 C:\xampp\htdocs\yii\framework\base\CApplication.php(185): CWebApplication->processRequest()
#10 C:\xampp\htdocs\yiiapptest\index.php(13): CWebApplication->run()
REQUEST_URI=/yiiapptest/index.php?r=site/login
in C:\xampp\htdocs\yiiapptest\protected\controllers\SiteController.php (103)
in C:\xampp\htdocs\yiiapptest\index.php (13)
2024/06/20 17:42:56 [error] [php] foreach() argument must be of type array|object, null given (C:\xampp\htdocs\yii\framework\db\ar\CActiveRecord.php:2417)
Stack trace:
#0 C:\xampp\htdocs\yii\framework\db\ar\CActiveRecord.php(413): CActiveRecordMetaData->__construct()
#1 C:\xampp\htdocs\yii\framework\db\ar\CActiveRecord.php(79): User->getMetaData()
#2 C:\xampp\htdocs\yiiapptest\protected\controllers\SiteController.php(103): User->__construct()
#3 C:\xampp\htdocs\yii\framework\web\actions\CInlineAction.php(49): SiteController->actionLogin()
#4 C:\xampp\htdocs\yii\framework\web\CController.php(308): CInlineAction->runWithParams()
#5 C:\xampp\htdocs\yii\framework\web\CController.php(286): SiteController->runAction()
#6 C:\xampp\htdocs\yii\framework\web\CController.php(265): SiteController->runActionWithFilters()
#7 C:\xampp\htdocs\yii\framework\web\CWebApplication.php(282): SiteController->run()
#8 C:\xampp\htdocs\yii\framework\web\CWebApplication.php(141): CWebApplication->runController()
#9 C:\xampp\htdocs\yii\framework\base\CApplication.php(185): CWebApplication->processRequest()
#10 C:\xampp\htdocs\yiiapptest\index.php(13): CWebApplication->run()
REQUEST_URI=/yiiapptest/index.php?r=site/login
in C:\xampp\htdocs\yiiapptest\protected\controllers\SiteController.php (103)
in C:\xampp\htdocs\yiiapptest\index.php (13)
2024/06/20 17:45:01 [error] [php] foreach() argument must be of type array|object, null given (C:\xampp\htdocs\yii\framework\db\ar\CActiveRecord.php:2417)
Stack trace:
#0 C:\xampp\htdocs\yii\framework\db\ar\CActiveRecord.php(413): CActiveRecordMetaData->__construct()
#1 C:\xampp\htdocs\yii\framework\db\ar\CActiveRecord.php(79): User->getMetaData()
#2 C:\xampp\htdocs\yiiapptest\protected\controllers\SiteController.php(103): User->__construct()
#3 C:\xampp\htdocs\yii\framework\web\actions\CInlineAction.php(49): SiteController->actionLogin()
#4 C:\xampp\htdocs\yii\framework\web\CController.php(308): CInlineAction->runWithParams()
#5 C:\xampp\htdocs\yii\framework\web\CController.php(286): SiteController->runAction()
#6 C:\xampp\htdocs\yii\framework\web\CController.php(265): SiteController->runActionWithFilters()
#7 C:\xampp\htdocs\yii\framework\web\CWebApplication.php(282): SiteController->run()
#8 C:\xampp\htdocs\yii\framework\web\CWebApplication.php(141): CWebApplication->runController()
#9 C:\xampp\htdocs\yii\framework\base\CApplication.php(185): CWebApplication->processRequest()
#10 C:\xampp\htdocs\yiiapptest\index.php(13): CWebApplication->run()
REQUEST_URI=/yiiapptest/index.php?r=site/login
in C:\xampp\htdocs\yiiapptest\protected\controllers\SiteController.php (103)
in C:\xampp\htdocs\yiiapptest\index.php (13)
2024/06/20 17:45:46 [error] [php] foreach() argument must be of type array|object, null given (C:\xampp\htdocs\yii\framework\db\ar\CActiveRecord.php:2417)
Stack trace:
#0 C:\xampp\htdocs\yii\framework\db\ar\CActiveRecord.php(413): CActiveRecordMetaData->__construct()
#1 C:\xampp\htdocs\yii\framework\db\ar\CActiveRecord.php(79): User->getMetaData()
#2 C:\xampp\htdocs\yiiapptest\protected\controllers\SiteController.php(103): User->__construct()
#3 C:\xampp\htdocs\yii\framework\web\actions\CInlineAction.php(49): SiteController->actionLogin()
#4 C:\xampp\htdocs\yii\framework\web\CController.php(308): CInlineAction->runWithParams()
#5 C:\xampp\htdocs\yii\framework\web\CController.php(286): SiteController->runAction()
#6 C:\xampp\htdocs\yii\framework\web\CController.php(265): SiteController->runActionWithFilters()
#7 C:\xampp\htdocs\yii\framework\web\CWebApplication.php(282): SiteController->run()
#8 C:\xampp\htdocs\yii\framework\web\CWebApplication.php(141): CWebApplication->runController()
#9 C:\xampp\htdocs\yii\framework\base\CApplication.php(185): CWebApplication->processRequest()
#10 C:\xampp\htdocs\yiiapptest\index.php(13): CWebApplication->run()
REQUEST_URI=/yiiapptest/index.php?r=site/login
in C:\xampp\htdocs\yiiapptest\protected\controllers\SiteController.php (103)
in C:\xampp\htdocs\yiiapptest\index.php (13)
2024/06/20 17:46:03 [error] [php] foreach() argument must be of type array|object, null given (C:\xampp\htdocs\yii\framework\db\ar\CActiveRecord.php:2417)
Stack trace:
#0 C:\xampp\htdocs\yii\framework\db\ar\CActiveRecord.php(413): CActiveRecordMetaData->__construct()
#1 C:\xampp\htdocs\yii\framework\db\ar\CActiveRecord.php(79): User->getMetaData()
#2 C:\xampp\htdocs\yiiapptest\protected\controllers\SiteController.php(103): User->__construct()
#3 C:\xampp\htdocs\yii\framework\web\actions\CInlineAction.php(49): SiteController->actionLogin()
#4 C:\xampp\htdocs\yii\framework\web\CController.php(308): CInlineAction->runWithParams()
#5 C:\xampp\htdocs\yii\framework\web\CController.php(286): SiteController->runAction()
#6 C:\xampp\htdocs\yii\framework\web\CController.php(265): SiteController->runActionWithFilters()
#7 C:\xampp\htdocs\yii\framework\web\CWebApplication.php(282): SiteController->run()
#8 C:\xampp\htdocs\yii\framework\web\CWebApplication.php(141): CWebApplication->runController()
#9 C:\xampp\htdocs\yii\framework\base\CApplication.php(185): CWebApplication->processRequest()
#10 C:\xampp\htdocs\yiiapptest\index.php(13): CWebApplication->run()
REQUEST_URI=/yiiapptest/index.php?r=site/login
in C:\xampp\htdocs\yiiapptest\protected\controllers\SiteController.php (103)
in C:\xampp\htdocs\yiiapptest\index.php (13)
2024/06/20 17:49:57 [error] [php] foreach() argument must be of type array|object, null given (C:\xampp\htdocs\yii\framework\db\ar\CActiveRecord.php:2417)
Stack trace:
#0 C:\xampp\htdocs\yii\framework\db\ar\CActiveRecord.php(413): CActiveRecordMetaData->__construct()
#1 C:\xampp\htdocs\yii\framework\db\ar\CActiveRecord.php(79): User->getMetaData()
#2 C:\xampp\htdocs\yiiapptest\protected\controllers\SiteController.php(103): User->__construct()
#3 C:\xampp\htdocs\yii\framework\web\actions\CInlineAction.php(49): SiteController->actionLogin()
#4 C:\xampp\htdocs\yii\framework\web\CController.php(308): CInlineAction->runWithParams()
#5 C:\xampp\htdocs\yii\framework\web\CController.php(286): SiteController->runAction()
#6 C:\xampp\htdocs\yii\framework\web\CController.php(265): SiteController->runActionWithFilters()
#7 C:\xampp\htdocs\yii\framework\web\CWebApplication.php(282): SiteController->run()
#8 C:\xampp\htdocs\yii\framework\web\CWebApplication.php(141): CWebApplication->runController()
#9 C:\xampp\htdocs\yii\framework\base\CApplication.php(185): CWebApplication->processRequest()
#10 C:\xampp\htdocs\yiiapptest\index.php(13): CWebApplication->run()
REQUEST_URI=/yiiapptest/index.php?r=site/login
in C:\xampp\htdocs\yiiapptest\protected\controllers\SiteController.php (103)
in C:\xampp\htdocs\yiiapptest\index.php (13)
2024/06/20 17:49:58 [error] [php] foreach() argument must be of type array|object, null given (C:\xampp\htdocs\yii\framework\db\ar\CActiveRecord.php:2417)
Stack trace:
#0 C:\xampp\htdocs\yii\framework\db\ar\CActiveRecord.php(413): CActiveRecordMetaData->__construct()
#1 C:\xampp\htdocs\yii\framework\db\ar\CActiveRecord.php(79): User->getMetaData()
#2 C:\xampp\htdocs\yiiapptest\protected\controllers\SiteController.php(103): User->__construct()
#3 C:\xampp\htdocs\yii\framework\web\actions\CInlineAction.php(49): SiteController->actionLogin()
#4 C:\xampp\htdocs\yii\framework\web\CController.php(308): CInlineAction->runWithParams()
#5 C:\xampp\htdocs\yii\framework\web\CController.php(286): SiteController->runAction()
#6 C:\xampp\htdocs\yii\framework\web\CController.php(265): SiteController->runActionWithFilters()
#7 C:\xampp\htdocs\yii\framework\web\CWebApplication.php(282): SiteController->run()
#8 C:\xampp\htdocs\yii\framework\web\CWebApplication.php(141): CWebApplication->runController()
#9 C:\xampp\htdocs\yii\framework\base\CApplication.php(185): CWebApplication->processRequest()
#10 C:\xampp\htdocs\yiiapptest\index.php(13): CWebApplication->run()
REQUEST_URI=/yiiapptest/index.php?r=site/login
in C:\xampp\htdocs\yiiapptest\protected\controllers\SiteController.php (103)
in C:\xampp\htdocs\yiiapptest\index.php (13)
2024/06/20 17:49:59 [error] [php] foreach() argument must be of type array|object, null given (C:\xampp\htdocs\yii\framework\db\ar\CActiveRecord.php:2417)
Stack trace:
#0 C:\xampp\htdocs\yii\framework\db\ar\CActiveRecord.php(413): CActiveRecordMetaData->__construct()
#1 C:\xampp\htdocs\yii\framework\db\ar\CActiveRecord.php(79): User->getMetaData()
#2 C:\xampp\htdocs\yiiapptest\protected\controllers\SiteController.php(103): User->__construct()
#3 C:\xampp\htdocs\yii\framework\web\actions\CInlineAction.php(49): SiteController->actionLogin()
#4 C:\xampp\htdocs\yii\framework\web\CController.php(308): CInlineAction->runWithParams()
#5 C:\xampp\htdocs\yii\framework\web\CController.php(286): SiteController->runAction()
#6 C:\xampp\htdocs\yii\framework\web\CController.php(265): SiteController->runActionWithFilters()
#7 C:\xampp\htdocs\yii\framework\web\CWebApplication.php(282): SiteController->run()
#8 C:\xampp\htdocs\yii\framework\web\CWebApplication.php(141): CWebApplication->runController()
#9 C:\xampp\htdocs\yii\framework\base\CApplication.php(185): CWebApplication->processRequest()
#10 C:\xampp\htdocs\yiiapptest\index.php(13): CWebApplication->run()
REQUEST_URI=/yiiapptest/index.php?r=site/login
in C:\xampp\htdocs\yiiapptest\protected\controllers\SiteController.php (103)
in C:\xampp\htdocs\yiiapptest\index.php (13)
2024/06/20 17:49:59 [error] [php] foreach() argument must be of type array|object, null given (C:\xampp\htdocs\yii\framework\db\ar\CActiveRecord.php:2417)
Stack trace:
#0 C:\xampp\htdocs\yii\framework\db\ar\CActiveRecord.php(413): CActiveRecordMetaData->__construct()
#1 C:\xampp\htdocs\yii\framework\db\ar\CActiveRecord.php(79): User->getMetaData()
#2 C:\xampp\htdocs\yiiapptest\protected\controllers\SiteController.php(103): User->__construct()
#3 C:\xampp\htdocs\yii\framework\web\actions\CInlineAction.php(49): SiteController->actionLogin()
#4 C:\xampp\htdocs\yii\framework\web\CController.php(308): CInlineAction->runWithParams()
#5 C:\xampp\htdocs\yii\framework\web\CController.php(286): SiteController->runAction()
#6 C:\xampp\htdocs\yii\framework\web\CController.php(265): SiteController->runActionWithFilters()
#7 C:\xampp\htdocs\yii\framework\web\CWebApplication.php(282): SiteController->run()
#8 C:\xampp\htdocs\yii\framework\web\CWebApplication.php(141): CWebApplication->runController()
#9 C:\xampp\htdocs\yii\framework\base\CApplication.php(185): CWebApplication->processRequest()
#10 C:\xampp\htdocs\yiiapptest\index.php(13): CWebApplication->run()
REQUEST_URI=/yiiapptest/index.php?r=site/login
in C:\xampp\htdocs\yiiapptest\protected\controllers\SiteController.php (103)
in C:\xampp\htdocs\yiiapptest\index.php (13)
2024/06/20 20:23:43 [error] [php] foreach() argument must be of type array|object, null given (C:\xampp\htdocs\yii\framework\db\ar\CActiveRecord.php:2417)
Stack trace:
#0 C:\xampp\htdocs\yii\framework\db\ar\CActiveRecord.php(413): CActiveRecordMetaData->__construct()
#1 C:\xampp\htdocs\yii\framework\db\ar\CActiveRecord.php(79): User->getMetaData()
#2 C:\xampp\htdocs\yiiapptest\protected\controllers\SiteController.php(103): User->__construct()
#3 C:\xampp\htdocs\yii\framework\web\actions\CInlineAction.php(49): SiteController->actionLogin()
#4 C:\xampp\htdocs\yii\framework\web\CController.php(308): CInlineAction->runWithParams()
#5 C:\xampp\htdocs\yii\framework\web\CController.php(286): SiteController->runAction()
#6 C:\xampp\htdocs\yii\framework\web\CController.php(265): SiteController->runActionWithFilters()
#7 C:\xampp\htdocs\yii\framework\web\CWebApplication.php(282): SiteController->run()
#8 C:\xampp\htdocs\yii\framework\web\CWebApplication.php(141): CWebApplication->runController()
#9 C:\xampp\htdocs\yii\framework\base\CApplication.php(185): CWebApplication->processRequest()
#10 C:\xampp\htdocs\yiiapptest\index.php(13): CWebApplication->run()
REQUEST_URI=/yiiapptest/index.php?r=site/login
in C:\xampp\htdocs\yiiapptest\protected\controllers\SiteController.php (103)
in C:\xampp\htdocs\yiiapptest\index.php (13)
2024/06/20 20:31:27 [error] [exception.Error] Error: Undefined constant User::ERROR_PASSWORD_INVALID in C:\xampp\htdocs\yiiapptest\protected\models\User.php:47
Stack trace:
#0 C:\xampp\htdocs\yiiapptest\protected\controllers\SiteController.php(112): User->authenticate()
#1 C:\xampp\htdocs\yii\framework\web\actions\CInlineAction.php(49): SiteController->actionLogin()
#2 C:\xampp\htdocs\yii\framework\web\CController.php(308): CInlineAction->runWithParams(Array)
#3 C:\xampp\htdocs\yii\framework\web\CController.php(286): CController->runAction(Object(CInlineAction))
#4 C:\xampp\htdocs\yii\framework\web\CController.php(265): CController->runActionWithFilters(Object(CInlineAction), Array)
#5 C:\xampp\htdocs\yii\framework\web\CWebApplication.php(282): CController->run('login')
#6 C:\xampp\htdocs\yii\framework\web\CWebApplication.php(141): CWebApplication->runController('site/login')
#7 C:\xampp\htdocs\yii\framework\base\CApplication.php(185): CWebApplication->processRequest()
#8 C:\xampp\htdocs\yiiapptest\index.php(13): CApplication->run()
#9 {main}
REQUEST_URI=/yiiapptest/index.php?r=site/login
HTTP_REFERER=http://localhost/yiiapptest/index.php?r=site/login
---
2024/06/20 20:34:01 [error] [exception.CException] CException: Property "User.errorCode" is not defined. in C:\xampp\htdocs\yii\framework\base\CComponent.php:172
Stack trace:
#0 C:\xampp\htdocs\yii\framework\db\ar\CActiveRecord.php(162): CComponent->__set('errorCode', 2)
#1 C:\xampp\htdocs\yiiapptest\protected\models\User.php(54): CActiveRecord->__set('errorCode', 2)
#2 C:\xampp\htdocs\yiiapptest\protected\controllers\SiteController.php(112): User->authenticate()
#3 C:\xampp\htdocs\yii\framework\web\actions\CInlineAction.php(49): SiteController->actionLogin()
#4 C:\xampp\htdocs\yii\framework\web\CController.php(308): CInlineAction->runWithParams(Array)
#5 C:\xampp\htdocs\yii\framework\web\CController.php(286): CController->runAction(Object(CInlineAction))
#6 C:\xampp\htdocs\yii\framework\web\CController.php(265): CController->runActionWithFilters(Object(CInlineAction), Array)
#7 C:\xampp\htdocs\yii\framework\web\CWebApplication.php(282): CController->run('login')
#8 C:\xampp\htdocs\yii\framework\web\CWebApplication.php(141): CWebApplication->runController('site/login')
#9 C:\xampp\htdocs\yii\framework\base\CApplication.php(185): CWebApplication->processRequest()
#10 C:\xampp\htdocs\yiiapptest\index.php(13): CApplication->run()
#11 {main}
REQUEST_URI=/yiiapptest/index.php?r=site/login
HTTP_REFERER=http://localhost/yiiapptest/index.php?r=site/login
---
2024/06/20 20:34:03 [error] [exception.CException] CException: Property "User.errorCode" is not defined. in C:\xampp\htdocs\yii\framework\base\CComponent.php:172
Stack trace:
#0 C:\xampp\htdocs\yii\framework\db\ar\CActiveRecord.php(162): CComponent->__set('errorCode', 2)
#1 C:\xampp\htdocs\yiiapptest\protected\models\User.php(54): CActiveRecord->__set('errorCode', 2)
#2 C:\xampp\htdocs\yiiapptest\protected\controllers\SiteController.php(112): User->authenticate()
#3 C:\xampp\htdocs\yii\framework\web\actions\CInlineAction.php(49): SiteController->actionLogin()
#4 C:\xampp\htdocs\yii\framework\web\CController.php(308): CInlineAction->runWithParams(Array)
#5 C:\xampp\htdocs\yii\framework\web\CController.php(286): CController->runAction(Object(CInlineAction))
#6 C:\xampp\htdocs\yii\framework\web\CController.php(265): CController->runActionWithFilters(Object(CInlineAction), Array)
#7 C:\xampp\htdocs\yii\framework\web\CWebApplication.php(282): CController->run('login')
#8 C:\xampp\htdocs\yii\framework\web\CWebApplication.php(141): CWebApplication->runController('site/login')
#9 C:\xampp\htdocs\yii\framework\base\CApplication.php(185): CWebApplication->processRequest()
#10 C:\xampp\htdocs\yiiapptest\index.php(13): CApplication->run()
#11 {main}
REQUEST_URI=/yiiapptest/index.php?r=site/login
HTTP_REFERER=http://localhost/yiiapptest/index.php?r=site/login
---
2024/06/20 21:19:01 [error] [exception.ParseError] ParseError: syntax error, unexpected identifier "assign" in C:\xampp\htdocs\yiiapptest\protected\controllers\SiteController.php:108
Stack trace:
#0 C:\xampp\htdocs\yii\framework\web\CWebApplication.php(276): CWebApplication->createController('login/')
#1 C:\xampp\htdocs\yii\framework\web\CWebApplication.php(141): CWebApplication->runController('site/login')
#2 C:\xampp\htdocs\yii\framework\base\CApplication.php(185): CWebApplication->processRequest()
#3 C:\xampp\htdocs\yiiapptest\index.php(13): CApplication->run()
#4 {main}
REQUEST_URI=/yiiapptest/index.php?r=site/login
HTTP_REFERER=http://localhost/yiiapptest/index.php?r=site/login
---
2024/06/20 21:36:48 [error] [exception.CHttpException.404] CHttpException: The system is unable to find the requested action "wilayah". in C:\xampp\htdocs\yii\framework\web\CController.php:486
Stack trace:
#0 C:\xampp\htdocs\yii\framework\web\CController.php(270): CController->missingAction('wilayah')
#1 C:\xampp\htdocs\yii\framework\web\CWebApplication.php(282): CController->run('wilayah')
#2 C:\xampp\htdocs\yii\framework\web\CWebApplication.php(141): CWebApplication->runController('site/wilayah')
#3 C:\xampp\htdocs\yii\framework\base\CApplication.php(185): CWebApplication->processRequest()
#4 C:\xampp\htdocs\yiiapptest\index.php(13): CApplication->run()
#5 {main}
REQUEST_URI=/yiiapptest/index.php?r=site/wilayah
HTTP_REFERER=http://localhost/yiiapptest/index.php
---
2024/06/20 21:37:38 [error] [exception.CHttpException.404] CHttpException: The system is unable to find the requested action "wilayah". in C:\xampp\htdocs\yii\framework\web\CController.php:486
Stack trace:
#0 C:\xampp\htdocs\yii\framework\web\CController.php(270): CController->missingAction('wilayah')
#1 C:\xampp\htdocs\yii\framework\web\CWebApplication.php(282): CController->run('wilayah')
#2 C:\xampp\htdocs\yii\framework\web\CWebApplication.php(141): CWebApplication->runController('site/wilayah')
#3 C:\xampp\htdocs\yii\framework\base\CApplication.php(185): CWebApplication->processRequest()
#4 C:\xampp\htdocs\yiiapptest\index.php(13): CApplication->run()
#5 {main}
REQUEST_URI=/yiiapptest/index.php?r=site/wilayah
HTTP_REFERER=http://localhost/yiiapptest/index.php
---
2024/06/20 21:55:11 [error] [exception.CHttpException.404] CHttpException: The system is unable to find the requested action "wilayah". in C:\xampp\htdocs\yii\framework\web\CController.php:486
Stack trace:
#0 C:\xampp\htdocs\yii\framework\web\CController.php(270): CController->missingAction('wilayah')
#1 C:\xampp\htdocs\yii\framework\web\CWebApplication.php(282): CController->run('wilayah')
#2 C:\xampp\htdocs\yii\framework\web\CWebApplication.php(141): CWebApplication->runController('site/wilayah')
#3 C:\xampp\htdocs\yii\framework\base\CApplication.php(185): CWebApplication->processRequest()
#4 C:\xampp\htdocs\yiiapptest\index.php(13): CApplication->run()
#5 {main}
REQUEST_URI=/yiiapptest/index.php?r=site/wilayah
HTTP_REFERER=http://localhost/yiiapptest/index.php
---
2024/06/20 22:57:30 [error] [exception.CException] CException: Property "Wilayah.keterangan" is not defined. in C:\xampp\htdocs\yii\framework\base\CComponent.php:130
Stack trace:
#0 C:\xampp\htdocs\yii\framework\db\ar\CActiveRecord.php(145): CComponent->__get('keterangan')
#1 C:\xampp\htdocs\yii\framework\web\helpers\CHtml.php(2784): CActiveRecord->__get('keterangan')
#2 C:\xampp\htdocs\yii\framework\web\helpers\CHtml.php(1854): CHtml::resolveValue(Object(Wilayah), 'keterangan')
#3 C:\xampp\htdocs\yii\framework\web\widgets\CActiveForm.php(854): CHtml::activeTextArea(Object(Wilayah), 'keterangan', Array)
#4 C:\xampp\htdocs\yiiapptest\protected\views\wilayah\_form.php(20): CActiveForm->textArea(Object(Wilayah), 'keterangan', Array)
#5 C:\xampp\htdocs\yii\framework\web\CBaseController.php(126): require('C:\\xampp\\htdocs...')
#6 C:\xampp\htdocs\yii\framework\web\CBaseController.php(95): CBaseController->renderInternal('C:\\xampp\\htdocs...', Array, true)
#7 C:\xampp\htdocs\yii\framework\web\CController.php(872): CBaseController->renderFile('C:\\xampp\\htdocs...', Array, true)
#8 C:\xampp\htdocs\yiiapptest\protected\views\wilayah\create.php(19): CController->renderPartial('_form', Array)
#9 C:\xampp\htdocs\yii\framework\web\CBaseController.php(126): require('C:\\xampp\\htdocs...')
#10 C:\xampp\htdocs\yii\framework\web\CBaseController.php(95): CBaseController->renderInternal('C:\\xampp\\htdocs...', Array, true)
#11 C:\xampp\htdocs\yii\framework\web\CController.php(872): CBaseController->renderFile('C:\\xampp\\htdocs...', Array, true)
#12 C:\xampp\htdocs\yii\framework\web\CController.php(785): CController->renderPartial('create', Array, true)
#13 C:\xampp\htdocs\yiiapptest\protected\controllers\WilayahController.php(27): CController->render('create', Array)
#14 C:\xampp\htdocs\yii\framework\web\actions\CInlineAction.php(49): WilayahController->actionCreate()
#15 C:\xampp\htdocs\yii\framework\web\CController.php(308): CInlineAction->runWithParams(Array)
#16 C:\xampp\htdocs\yii\framework\web\CController.php(286): CController->runAction(Object(CInlineAction))
#17 C:\xampp\htdocs\yii\framework\web\CController.php(265): CController->runActionWithFilters(Object(CInlineAction), Array)
#18 C:\xampp\htdocs\yii\framework\web\CWebApplication.php(282): CController->run('create')
#19 C:\xampp\htdocs\yii\framework\web\CWebApplication.php(141): CWebApplication->runController('wilayah/create')
#20 C:\xampp\htdocs\yii\framework\base\CApplication.php(185): CWebApplication->processRequest()
#21 C:\xampp\htdocs\yiiapptest\index.php(13): CApplication->run()
#22 {main}
REQUEST_URI=/yiiapptest/index.php/wilayah/create
HTTP_REFERER=http://localhost/yiiapptest/index.php/wilayah/index
---
2024/06/20 22:57:35 [error] [exception.CException] CException: Property "Wilayah.keterangan" is not defined. in C:\xampp\htdocs\yii\framework\base\CComponent.php:130
Stack trace:
#0 C:\xampp\htdocs\yii\framework\db\ar\CActiveRecord.php(145): CComponent->__get('keterangan')
#1 C:\xampp\htdocs\yii\framework\web\helpers\CHtml.php(2784): CActiveRecord->__get('keterangan')
#2 C:\xampp\htdocs\yii\framework\web\helpers\CHtml.php(1854): CHtml::resolveValue(Object(Wilayah), 'keterangan')
#3 C:\xampp\htdocs\yii\framework\web\widgets\CActiveForm.php(854): CHtml::activeTextArea(Object(Wilayah), 'keterangan', Array)
#4 C:\xampp\htdocs\yiiapptest\protected\views\wilayah\_form.php(20): CActiveForm->textArea(Object(Wilayah), 'keterangan', Array)
#5 C:\xampp\htdocs\yii\framework\web\CBaseController.php(126): require('C:\\xampp\\htdocs...')
#6 C:\xampp\htdocs\yii\framework\web\CBaseController.php(95): CBaseController->renderInternal('C:\\xampp\\htdocs...', Array, true)
#7 C:\xampp\htdocs\yii\framework\web\CController.php(872): CBaseController->renderFile('C:\\xampp\\htdocs...', Array, true)
#8 C:\xampp\htdocs\yiiapptest\protected\views\wilayah\create.php(19): CController->renderPartial('_form', Array)
#9 C:\xampp\htdocs\yii\framework\web\CBaseController.php(126): require('C:\\xampp\\htdocs...')
#10 C:\xampp\htdocs\yii\framework\web\CBaseController.php(95): CBaseController->renderInternal('C:\\xampp\\htdocs...', Array, true)
#11 C:\xampp\htdocs\yii\framework\web\CController.php(872): CBaseController->renderFile('C:\\xampp\\htdocs...', Array, true)
#12 C:\xampp\htdocs\yii\framework\web\CController.php(785): CController->renderPartial('create', Array, true)
#13 C:\xampp\htdocs\yiiapptest\protected\controllers\WilayahController.php(27): CController->render('create', Array)
#14 C:\xampp\htdocs\yii\framework\web\actions\CInlineAction.php(49): WilayahController->actionCreate()
#15 C:\xampp\htdocs\yii\framework\web\CController.php(308): CInlineAction->runWithParams(Array)
#16 C:\xampp\htdocs\yii\framework\web\CController.php(286): CController->runAction(Object(CInlineAction))
#17 C:\xampp\htdocs\yii\framework\web\CController.php(265): CController->runActionWithFilters(Object(CInlineAction), Array)
#18 C:\xampp\htdocs\yii\framework\web\CWebApplication.php(282): CController->run('create')
#19 C:\xampp\htdocs\yii\framework\web\CWebApplication.php(141): CWebApplication->runController('wilayah/create')
#20 C:\xampp\htdocs\yii\framework\base\CApplication.php(185): CWebApplication->processRequest()
#21 C:\xampp\htdocs\yiiapptest\index.php(13): CApplication->run()
#22 {main}
REQUEST_URI=/yiiapptest/index.php/wilayah/create
HTTP_REFERER=http://localhost/yiiapptest/index.php/wilayah/index
---
2024/06/20 22:59:39 [error] [exception.CHttpException.400] CHttpException: Invalid request. Please do not repeat this request again. in C:\xampp\htdocs\yiiapptest\protected\controllers\WilayahController.php:50
Stack trace:
#0 [internal function]: WilayahController->actionDelete('3')
#1 C:\xampp\htdocs\yii\framework\web\actions\CAction.php(114): ReflectionMethod->invokeArgs(Object(WilayahController), Array)
#2 C:\xampp\htdocs\yii\framework\web\actions\CInlineAction.php(47): CAction->runWithParamsInternal(Object(WilayahController), Object(ReflectionMethod), Array)
#3 C:\xampp\htdocs\yii\framework\web\CController.php(308): CInlineAction->runWithParams(Array)
#4 C:\xampp\htdocs\yii\framework\web\CController.php(286): CController->runAction(Object(CInlineAction))
#5 C:\xampp\htdocs\yii\framework\web\CController.php(265): CController->runActionWithFilters(Object(CInlineAction), Array)
#6 C:\xampp\htdocs\yii\framework\web\CWebApplication.php(282): CController->run('delete')
#7 C:\xampp\htdocs\yii\framework\web\CWebApplication.php(141): CWebApplication->runController('wilayah/delete')
#8 C:\xampp\htdocs\yii\framework\base\CApplication.php(185): CWebApplication->processRequest()
#9 C:\xampp\htdocs\yiiapptest\index.php(13): CApplication->run()
#10 {main}
REQUEST_URI=/yiiapptest/index.php/wilayah/delete/3
HTTP_REFERER=http://localhost/yiiapptest/index.php/wilayah/index
---
2024/06/20 23:01:18 [error] [exception.CHttpException.400] CHttpException: Invalid request. Please do not repeat this request again. in C:\xampp\htdocs\yiiapptest\protected\controllers\WilayahController.php:50
Stack trace:
#0 [internal function]: WilayahController->actionDelete('3')
#1 C:\xampp\htdocs\yii\framework\web\actions\CAction.php(114): ReflectionMethod->invokeArgs(Object(WilayahController), Array)
#2 C:\xampp\htdocs\yii\framework\web\actions\CInlineAction.php(47): CAction->runWithParamsInternal(Object(WilayahController), Object(ReflectionMethod), Array)
#3 C:\xampp\htdocs\yii\framework\web\CController.php(308): CInlineAction->runWithParams(Array)
#4 C:\xampp\htdocs\yii\framework\web\CController.php(286): CController->runAction(Object(CInlineAction))
#5 C:\xampp\htdocs\yii\framework\web\CController.php(265): CController->runActionWithFilters(Object(CInlineAction), Array)
#6 C:\xampp\htdocs\yii\framework\web\CWebApplication.php(282): CController->run('delete')
#7 C:\xampp\htdocs\yii\framework\web\CWebApplication.php(141): CWebApplication->runController('wilayah/delete')
#8 C:\xampp\htdocs\yii\framework\base\CApplication.php(185): CWebApplication->processRequest()
#9 C:\xampp\htdocs\yiiapptest\index.php(13): CApplication->run()
#10 {main}
REQUEST_URI=/yiiapptest/index.php/wilayah/delete/3
HTTP_REFERER=http://localhost/yiiapptest/index.php/wilayah/index
---
2024/06/20 23:01:19 [error] [exception.CHttpException.400] CHttpException: Invalid request. Please do not repeat this request again. in C:\xampp\htdocs\yiiapptest\protected\controllers\WilayahController.php:50
Stack trace:
#0 [internal function]: WilayahController->actionDelete('3')
#1 C:\xampp\htdocs\yii\framework\web\actions\CAction.php(114): ReflectionMethod->invokeArgs(Object(WilayahController), Array)
#2 C:\xampp\htdocs\yii\framework\web\actions\CInlineAction.php(47): CAction->runWithParamsInternal(Object(WilayahController), Object(ReflectionMethod), Array)
#3 C:\xampp\htdocs\yii\framework\web\CController.php(308): CInlineAction->runWithParams(Array)
#4 C:\xampp\htdocs\yii\framework\web\CController.php(286): CController->runAction(Object(CInlineAction))
#5 C:\xampp\htdocs\yii\framework\web\CController.php(265): CController->runActionWithFilters(Object(CInlineAction), Array)
#6 C:\xampp\htdocs\yii\framework\web\CWebApplication.php(282): CController->run('delete')
#7 C:\xampp\htdocs\yii\framework\web\CWebApplication.php(141): CWebApplication->runController('wilayah/delete')
#8 C:\xampp\htdocs\yii\framework\base\CApplication.php(185): CWebApplication->processRequest()
#9 C:\xampp\htdocs\yiiapptest\index.php(13): CApplication->run()
#10 {main}
REQUEST_URI=/yiiapptest/index.php/wilayah/delete/3
HTTP_REFERER=http://localhost/yiiapptest/index.php/wilayah/index
---
2024/06/20 23:01:19 [error] [exception.CHttpException.400] CHttpException: Invalid request. Please do not repeat this request again. in C:\xampp\htdocs\yiiapptest\protected\controllers\WilayahController.php:50
Stack trace:
#0 [internal function]: WilayahController->actionDelete('3')
#1 C:\xampp\htdocs\yii\framework\web\actions\CAction.php(114): ReflectionMethod->invokeArgs(Object(WilayahController), Array)
#2 C:\xampp\htdocs\yii\framework\web\actions\CInlineAction.php(47): CAction->runWithParamsInternal(Object(WilayahController), Object(ReflectionMethod), Array)
#3 C:\xampp\htdocs\yii\framework\web\CController.php(308): CInlineAction->runWithParams(Array)
#4 C:\xampp\htdocs\yii\framework\web\CController.php(286): CController->runAction(Object(CInlineAction))
#5 C:\xampp\htdocs\yii\framework\web\CController.php(265): CController->runActionWithFilters(Object(CInlineAction), Array)
#6 C:\xampp\htdocs\yii\framework\web\CWebApplication.php(282): CController->run('delete')
#7 C:\xampp\htdocs\yii\framework\web\CWebApplication.php(141): CWebApplication->runController('wilayah/delete')
#8 C:\xampp\htdocs\yii\framework\base\CApplication.php(185): CWebApplication->processRequest()
#9 C:\xampp\htdocs\yiiapptest\index.php(13): CApplication->run()
#10 {main}
REQUEST_URI=/yiiapptest/index.php/wilayah/delete/3
HTTP_REFERER=http://localhost/yiiapptest/index.php/wilayah/index
---
2024/06/20 23:01:19 [error] [exception.CHttpException.400] CHttpException: Invalid request. Please do not repeat this request again. in C:\xampp\htdocs\yiiapptest\protected\controllers\WilayahController.php:50
Stack trace:
#0 [internal function]: WilayahController->actionDelete('3')
#1 C:\xampp\htdocs\yii\framework\web\actions\CAction.php(114): ReflectionMethod->invokeArgs(Object(WilayahController), Array)
#2 C:\xampp\htdocs\yii\framework\web\actions\CInlineAction.php(47): CAction->runWithParamsInternal(Object(WilayahController), Object(ReflectionMethod), Array)
#3 C:\xampp\htdocs\yii\framework\web\CController.php(308): CInlineAction->runWithParams(Array)
#4 C:\xampp\htdocs\yii\framework\web\CController.php(286): CController->runAction(Object(CInlineAction))
#5 C:\xampp\htdocs\yii\framework\web\CController.php(265): CController->runActionWithFilters(Object(CInlineAction), Array)
#6 C:\xampp\htdocs\yii\framework\web\CWebApplication.php(282): CController->run('delete')
#7 C:\xampp\htdocs\yii\framework\web\CWebApplication.php(141): CWebApplication->runController('wilayah/delete')
#8 C:\xampp\htdocs\yii\framework\base\CApplication.php(185): CWebApplication->processRequest()
#9 C:\xampp\htdocs\yiiapptest\index.php(13): CApplication->run()
#10 {main}
REQUEST_URI=/yiiapptest/index.php/wilayah/delete/3
HTTP_REFERER=http://localhost/yiiapptest/index.php/wilayah/index
---
2024/06/20 23:12:02 [error] [php] Undefined variable $models (C:\xampp\htdocs\yiiapptest\protected\views\wilayah\index.php:16)
Stack trace:
#0 C:\xampp\htdocs\yii\framework\web\CBaseController.php(126): require()
#1 C:\xampp\htdocs\yii\framework\web\CBaseController.php(95): WilayahController->renderInternal()
#2 C:\xampp\htdocs\yii\framework\web\CController.php(872): WilayahController->renderFile()
#3 C:\xampp\htdocs\yii\framework\web\CController.php(785): WilayahController->renderPartial()
#4 C:\xampp\htdocs\yiiapptest\protected\controllers\WilayahController.php(9): WilayahController->render()
#5 C:\xampp\htdocs\yii\framework\web\actions\CInlineAction.php(49): WilayahController->actionIndex()
#6 C:\xampp\htdocs\yii\framework\web\CController.php(308): CInlineAction->runWithParams()
#7 C:\xampp\htdocs\yii\framework\web\CController.php(286): WilayahController->runAction()
#8 C:\xampp\htdocs\yii\framework\web\CController.php(265): WilayahController->runActionWithFilters()
#9 C:\xampp\htdocs\yii\framework\web\CWebApplication.php(282): WilayahController->run()
#10 C:\xampp\htdocs\yii\framework\web\CWebApplication.php(141): CWebApplication->runController()
#11 C:\xampp\htdocs\yii\framework\base\CApplication.php(185): CWebApplication->processRequest()
#12 C:\xampp\htdocs\yiiapptest\index.php(13): CWebApplication->run()
REQUEST_URI=/yiiapptest/index.php/wilayah/index
in C:\xampp\htdocs\yiiapptest\protected\views\wilayah\index.php (16)
in C:\xampp\htdocs\yiiapptest\protected\controllers\WilayahController.php (9)
in C:\xampp\htdocs\yiiapptest\index.php (13)
2024/06/20 23:15:07 [error] [php] Undefined variable $models (C:\xampp\htdocs\yiiapptest\protected\views\wilayah\index.php:16)
Stack trace:
#0 C:\xampp\htdocs\yii\framework\web\CBaseController.php(126): require()
#1 C:\xampp\htdocs\yii\framework\web\CBaseController.php(95): WilayahController->renderInternal()
#2 C:\xampp\htdocs\yii\framework\web\CController.php(872): WilayahController->renderFile()
#3 C:\xampp\htdocs\yii\framework\web\CController.php(785): WilayahController->renderPartial()
#4 C:\xampp\htdocs\yiiapptest\protected\controllers\WilayahController.php(9): WilayahController->render()
#5 C:\xampp\htdocs\yii\framework\web\actions\CInlineAction.php(49): WilayahController->actionIndex()
#6 C:\xampp\htdocs\yii\framework\web\CController.php(308): CInlineAction->runWithParams()
#7 C:\xampp\htdocs\yii\framework\web\CController.php(286): WilayahController->runAction()
#8 C:\xampp\htdocs\yii\framework\web\CController.php(265): WilayahController->runActionWithFilters()
#9 C:\xampp\htdocs\yii\framework\web\CWebApplication.php(282): WilayahController->run()
#10 C:\xampp\htdocs\yii\framework\web\CWebApplication.php(141): CWebApplication->runController()
#11 C:\xampp\htdocs\yii\framework\base\CApplication.php(185): CWebApplication->processRequest()
#12 C:\xampp\htdocs\yiiapptest\index.php(13): CWebApplication->run()
REQUEST_URI=/yiiapptest/index.php/wilayah/index
in C:\xampp\htdocs\yiiapptest\protected\views\wilayah\index.php (16)
in C:\xampp\htdocs\yiiapptest\protected\controllers\WilayahController.php (9)
in C:\xampp\htdocs\yiiapptest\index.php (13)
2024/06/20 23:17:42 [error] [php] Undefined variable $dataProvider (C:\xampp\htdocs\yiiapptest\protected\views\wilayah\view.php:16)
Stack trace:
#0 C:\xampp\htdocs\yii\framework\web\CBaseController.php(126): require()
#1 C:\xampp\htdocs\yii\framework\web\CBaseController.php(95): WilayahController->renderInternal()
#2 C:\xampp\htdocs\yii\framework\web\CController.php(872): WilayahController->renderFile()
#3 C:\xampp\htdocs\yii\framework\web\CController.php(785): WilayahController->renderPartial()
#4 C:\xampp\htdocs\yiiapptest\protected\controllers\WilayahController.php(16): WilayahController->render()
#5 unknown(0): WilayahController->actionView()
#6 C:\xampp\htdocs\yii\framework\web\actions\CAction.php(114): ReflectionMethod->invokeArgs()
#7 C:\xampp\htdocs\yii\framework\web\actions\CInlineAction.php(47): CInlineAction->runWithParamsInternal()
#8 C:\xampp\htdocs\yii\framework\web\CController.php(308): CInlineAction->runWithParams()
#9 C:\xampp\htdocs\yii\framework\web\CController.php(286): WilayahController->runAction()
#10 C:\xampp\htdocs\yii\framework\web\CController.php(265): WilayahController->runActionWithFilters()
#11 C:\xampp\htdocs\yii\framework\web\CWebApplication.php(282): WilayahController->run()
#12 C:\xampp\htdocs\yii\framework\web\CWebApplication.php(141): CWebApplication->runController()
#13 C:\xampp\htdocs\yii\framework\base\CApplication.php(185): CWebApplication->processRequest()
#14 C:\xampp\htdocs\yiiapptest\index.php(13): CWebApplication->run()
REQUEST_URI=/yiiapptest/index.php/wilayah/view/1
in C:\xampp\htdocs\yiiapptest\protected\views\wilayah\view.php (16)
in C:\xampp\htdocs\yiiapptest\protected\controllers\WilayahController.php (16)
in C:\xampp\htdocs\yiiapptest\index.php (13)
2024/06/20 23:18:38 [error] [php] Undefined variable $dataProvider (C:\xampp\htdocs\yiiapptest\protected\views\wilayah\view.php:16)
Stack trace:
#0 C:\xampp\htdocs\yii\framework\web\CBaseController.php(126): require()
#1 C:\xampp\htdocs\yii\framework\web\CBaseController.php(95): WilayahController->renderInternal()
#2 C:\xampp\htdocs\yii\framework\web\CController.php(872): WilayahController->renderFile()
#3 C:\xampp\htdocs\yii\framework\web\CController.php(785): WilayahController->renderPartial()
#4 C:\xampp\htdocs\yiiapptest\protected\controllers\WilayahController.php(16): WilayahController->render()
#5 unknown(0): WilayahController->actionView()
#6 C:\xampp\htdocs\yii\framework\web\actions\CAction.php(114): ReflectionMethod->invokeArgs()
#7 C:\xampp\htdocs\yii\framework\web\actions\CInlineAction.php(47): CInlineAction->runWithParamsInternal()
#8 C:\xampp\htdocs\yii\framework\web\CController.php(308): CInlineAction->runWithParams()
#9 C:\xampp\htdocs\yii\framework\web\CController.php(286): WilayahController->runAction()
#10 C:\xampp\htdocs\yii\framework\web\CController.php(265): WilayahController->runActionWithFilters()
#11 C:\xampp\htdocs\yii\framework\web\CWebApplication.php(282): WilayahController->run()
#12 C:\xampp\htdocs\yii\framework\web\CWebApplication.php(141): CWebApplication->runController()
#13 C:\xampp\htdocs\yii\framework\base\CApplication.php(185): CWebApplication->processRequest()
#14 C:\xampp\htdocs\yiiapptest\index.php(13): CWebApplication->run()
REQUEST_URI=/yiiapptest/index.php/wilayah/view/1
in C:\xampp\htdocs\yiiapptest\protected\views\wilayah\view.php (16)
in C:\xampp\htdocs\yiiapptest\protected\controllers\WilayahController.php (16)
in C:\xampp\htdocs\yiiapptest\index.php (13)
2024/06/20 23:20:51 [error] [php] Undefined variable $dataProvider (C:\xampp\htdocs\yiiapptest\protected\views\wilayah\view.php:16)
Stack trace:
#0 C:\xampp\htdocs\yii\framework\web\CBaseController.php(126): require()
#1 C:\xampp\htdocs\yii\framework\web\CBaseController.php(95): WilayahController->renderInternal()
#2 C:\xampp\htdocs\yii\framework\web\CController.php(872): WilayahController->renderFile()
#3 C:\xampp\htdocs\yii\framework\web\CController.php(785): WilayahController->renderPartial()
#4 C:\xampp\htdocs\yiiapptest\protected\controllers\WilayahController.php(16): WilayahController->render()
#5 unknown(0): WilayahController->actionView()
#6 C:\xampp\htdocs\yii\framework\web\actions\CAction.php(114): ReflectionMethod->invokeArgs()
#7 C:\xampp\htdocs\yii\framework\web\actions\CInlineAction.php(47): CInlineAction->runWithParamsInternal()
#8 C:\xampp\htdocs\yii\framework\web\CController.php(308): CInlineAction->runWithParams()
#9 C:\xampp\htdocs\yii\framework\web\CController.php(286): WilayahController->runAction()
#10 C:\xampp\htdocs\yii\framework\web\CController.php(265): WilayahController->runActionWithFilters()
#11 C:\xampp\htdocs\yii\framework\web\CWebApplication.php(282): WilayahController->run()
#12 C:\xampp\htdocs\yii\framework\web\CWebApplication.php(141): CWebApplication->runController()
#13 C:\xampp\htdocs\yii\framework\base\CApplication.php(185): CWebApplication->processRequest()
#14 C:\xampp\htdocs\yiiapptest\index.php(13): CWebApplication->run()
REQUEST_URI=/yiiapptest/index.php/wilayah/view/5
in C:\xampp\htdocs\yiiapptest\protected\views\wilayah\view.php (16)
in C:\xampp\htdocs\yiiapptest\protected\controllers\WilayahController.php (16)
in C:\xampp\htdocs\yiiapptest\index.php (13)
2024/06/20 23:21:53 [error] [exception.CException] CException: The "dataProvider" property cannot be empty. in C:\xampp\htdocs\yii\framework\zii\widgets\CBaseListView.php:123
Stack trace:
#0 C:\xampp\htdocs\yii\framework\zii\widgets\grid\CGridView.php(355): CBaseListView->init()
#1 C:\xampp\htdocs\yii\framework\web\CBaseController.php(147): CGridView->init()
#2 C:\xampp\htdocs\yii\framework\web\CBaseController.php(181): CBaseController->createWidget('zii.widgets.gri...', Array)
#3 C:\xampp\htdocs\yiiapptest\protected\views\wilayah\index.php(17): CBaseController->widget('zii.widgets.gri...', Array)
#4 C:\xampp\htdocs\yii\framework\web\CBaseController.php(126): require('C:\\xampp\\htdocs...')
#5 C:\xampp\htdocs\yii\framework\web\CBaseController.php(95): CBaseController->renderInternal('C:\\xampp\\htdocs...', Array, true)
#6 C:\xampp\htdocs\yii\framework\web\CController.php(872): CBaseController->renderFile('C:\\xampp\\htdocs...', Array, true)
#7 C:\xampp\htdocs\yii\framework\web\CController.php(785): CController->renderPartial('index', Array, true)
#8 C:\xampp\htdocs\yiiapptest\protected\controllers\WilayahController.php(9): CController->render('index', Array)
#9 C:\xampp\htdocs\yii\framework\web\actions\CInlineAction.php(49): WilayahController->actionIndex()
#10 C:\xampp\htdocs\yii\framework\web\CController.php(308): CInlineAction->runWithParams(Array)
#11 C:\xampp\htdocs\yii\framework\web\CController.php(286): CController->runAction(Object(CInlineAction))
#12 C:\xampp\htdocs\yii\framework\web\CController.php(265): CController->runActionWithFilters(Object(CInlineAction), Array)
#13 C:\xampp\htdocs\yii\framework\web\CWebApplication.php(282): CController->run('index')
#14 C:\xampp\htdocs\yii\framework\web\CWebApplication.php(141): CWebApplication->runController('wilayah/index')
#15 C:\xampp\htdocs\yii\framework\base\CApplication.php(185): CWebApplication->processRequest()
#16 C:\xampp\htdocs\yiiapptest\index.php(13): CApplication->run()
#17 {main}
REQUEST_URI=/yiiapptest/index.php/wilayah/index
HTTP_REFERER=http://localhost/yiiapptest/index.php/wilayah/create
---
2024/06/20 23:22:03 [error] [php] Undefined variable $dataProvider (C:\xampp\htdocs\yiiapptest\protected\views\wilayah\view.php:16)
Stack trace:
#0 C:\xampp\htdocs\yii\framework\web\CBaseController.php(126): require()
#1 C:\xampp\htdocs\yii\framework\web\CBaseController.php(95): WilayahController->renderInternal()
#2 C:\xampp\htdocs\yii\framework\web\CController.php(872): WilayahController->renderFile()
#3 C:\xampp\htdocs\yii\framework\web\CController.php(785): WilayahController->renderPartial()
#4 C:\xampp\htdocs\yiiapptest\protected\controllers\WilayahController.php(16): WilayahController->render()
#5 unknown(0): WilayahController->actionView()
#6 C:\xampp\htdocs\yii\framework\web\actions\CAction.php(114): ReflectionMethod->invokeArgs()
#7 C:\xampp\htdocs\yii\framework\web\actions\CInlineAction.php(47): CInlineAction->runWithParamsInternal()
#8 C:\xampp\htdocs\yii\framework\web\CController.php(308): CInlineAction->runWithParams()
#9 C:\xampp\htdocs\yii\framework\web\CController.php(286): WilayahController->runAction()
#10 C:\xampp\htdocs\yii\framework\web\CController.php(265): WilayahController->runActionWithFilters()
#11 C:\xampp\htdocs\yii\framework\web\CWebApplication.php(282): WilayahController->run()
#12 C:\xampp\htdocs\yii\framework\web\CWebApplication.php(141): CWebApplication->runController()
#13 C:\xampp\htdocs\yii\framework\base\CApplication.php(185): CWebApplication->processRequest()
#14 C:\xampp\htdocs\yiiapptest\index.php(13): CWebApplication->run()
REQUEST_URI=/yiiapptest/index.php/wilayah/view/1
in C:\xampp\htdocs\yiiapptest\protected\views\wilayah\view.php (16)
in C:\xampp\htdocs\yiiapptest\protected\controllers\WilayahController.php (16)
in C:\xampp\htdocs\yiiapptest\index.php (13)
2024/06/20 23:22:48 [error] [php] Undefined variable $dataProvider (C:\xampp\htdocs\yiiapptest\protected\views\wilayah\view.php:16)
Stack trace:
#0 C:\xampp\htdocs\yii\framework\web\CBaseController.php(126): require()
#1 C:\xampp\htdocs\yii\framework\web\CBaseController.php(95): WilayahController->renderInternal()
#2 C:\xampp\htdocs\yii\framework\web\CController.php(872): WilayahController->renderFile()
#3 C:\xampp\htdocs\yii\framework\web\CController.php(785): WilayahController->renderPartial()
#4 C:\xampp\htdocs\yiiapptest\protected\controllers\WilayahController.php(19): WilayahController->render()
#5 unknown(0): WilayahController->actionView()
#6 C:\xampp\htdocs\yii\framework\web\actions\CAction.php(114): ReflectionMethod->invokeArgs()
#7 C:\xampp\htdocs\yii\framework\web\actions\CInlineAction.php(47): CInlineAction->runWithParamsInternal()
#8 C:\xampp\htdocs\yii\framework\web\CController.php(308): CInlineAction->runWithParams()
#9 C:\xampp\htdocs\yii\framework\web\CController.php(286): WilayahController->runAction()
#10 C:\xampp\htdocs\yii\framework\web\CController.php(265): WilayahController->runActionWithFilters()
#11 C:\xampp\htdocs\yii\framework\web\CWebApplication.php(282): WilayahController->run()
#12 C:\xampp\htdocs\yii\framework\web\CWebApplication.php(141): CWebApplication->runController()
#13 C:\xampp\htdocs\yii\framework\base\CApplication.php(185): CWebApplication->processRequest()
#14 C:\xampp\htdocs\yiiapptest\index.php(13): CWebApplication->run()
REQUEST_URI=/yiiapptest/index.php/wilayah/view/1
in C:\xampp\htdocs\yiiapptest\protected\views\wilayah\view.php (16)
in C:\xampp\htdocs\yiiapptest\protected\controllers\WilayahController.php (19)
in C:\xampp\htdocs\yiiapptest\index.php (13)
2024/06/20 23:22:49 [error] [php] Undefined variable $dataProvider (C:\xampp\htdocs\yiiapptest\protected\views\wilayah\view.php:16)
Stack trace:
#0 C:\xampp\htdocs\yii\framework\web\CBaseController.php(126): require()
#1 C:\xampp\htdocs\yii\framework\web\CBaseController.php(95): WilayahController->renderInternal()
#2 C:\xampp\htdocs\yii\framework\web\CController.php(872): WilayahController->renderFile()
#3 C:\xampp\htdocs\yii\framework\web\CController.php(785): WilayahController->renderPartial()
#4 C:\xampp\htdocs\yiiapptest\protected\controllers\WilayahController.php(19): WilayahController->render()
#5 unknown(0): WilayahController->actionView()
#6 C:\xampp\htdocs\yii\framework\web\actions\CAction.php(114): ReflectionMethod->invokeArgs()
#7 C:\xampp\htdocs\yii\framework\web\actions\CInlineAction.php(47): CInlineAction->runWithParamsInternal()
#8 C:\xampp\htdocs\yii\framework\web\CController.php(308): CInlineAction->runWithParams()
#9 C:\xampp\htdocs\yii\framework\web\CController.php(286): WilayahController->runAction()
#10 C:\xampp\htdocs\yii\framework\web\CController.php(265): WilayahController->runActionWithFilters()
#11 C:\xampp\htdocs\yii\framework\web\CWebApplication.php(282): WilayahController->run()
#12 C:\xampp\htdocs\yii\framework\web\CWebApplication.php(141): CWebApplication->runController()
#13 C:\xampp\htdocs\yii\framework\base\CApplication.php(185): CWebApplication->processRequest()
#14 C:\xampp\htdocs\yiiapptest\index.php(13): CWebApplication->run()
REQUEST_URI=/yiiapptest/index.php/wilayah/view/1
in C:\xampp\htdocs\yiiapptest\protected\views\wilayah\view.php (16)
in C:\xampp\htdocs\yiiapptest\protected\controllers\WilayahController.php (19)
in C:\xampp\htdocs\yiiapptest\index.php (13)
2024/06/20 23:22:49 [error] [php] Undefined variable $dataProvider (C:\xampp\htdocs\yiiapptest\protected\views\wilayah\view.php:16)
Stack trace:
#0 C:\xampp\htdocs\yii\framework\web\CBaseController.php(126): require()
#1 C:\xampp\htdocs\yii\framework\web\CBaseController.php(95): WilayahController->renderInternal()
#2 C:\xampp\htdocs\yii\framework\web\CController.php(872): WilayahController->renderFile()
#3 C:\xampp\htdocs\yii\framework\web\CController.php(785): WilayahController->renderPartial()
#4 C:\xampp\htdocs\yiiapptest\protected\controllers\WilayahController.php(19): WilayahController->render()
#5 unknown(0): WilayahController->actionView()
#6 C:\xampp\htdocs\yii\framework\web\actions\CAction.php(114): ReflectionMethod->invokeArgs()
#7 C:\xampp\htdocs\yii\framework\web\actions\CInlineAction.php(47): CInlineAction->runWithParamsInternal()
#8 C:\xampp\htdocs\yii\framework\web\CController.php(308): CInlineAction->runWithParams()
#9 C:\xampp\htdocs\yii\framework\web\CController.php(286): WilayahController->runAction()
#10 C:\xampp\htdocs\yii\framework\web\CController.php(265): WilayahController->runActionWithFilters()
#11 C:\xampp\htdocs\yii\framework\web\CWebApplication.php(282): WilayahController->run()
#12 C:\xampp\htdocs\yii\framework\web\CWebApplication.php(141): CWebApplication->runController()
#13 C:\xampp\htdocs\yii\framework\base\CApplication.php(185): CWebApplication->processRequest()
#14 C:\xampp\htdocs\yiiapptest\index.php(13): CWebApplication->run()
REQUEST_URI=/yiiapptest/index.php/wilayah/view/1
in C:\xampp\htdocs\yiiapptest\protected\views\wilayah\view.php (16)
in C:\xampp\htdocs\yiiapptest\protected\controllers\WilayahController.php (19)
in C:\xampp\htdocs\yiiapptest\index.php (13)
2024/06/20 23:22:50 [error] [php] Undefined variable $dataProvider (C:\xampp\htdocs\yiiapptest\protected\views\wilayah\view.php:16)
Stack trace:
#0 C:\xampp\htdocs\yii\framework\web\CBaseController.php(126): require()
#1 C:\xampp\htdocs\yii\framework\web\CBaseController.php(95): WilayahController->renderInternal()
#2 C:\xampp\htdocs\yii\framework\web\CController.php(872): WilayahController->renderFile()
#3 C:\xampp\htdocs\yii\framework\web\CController.php(785): WilayahController->renderPartial()
#4 C:\xampp\htdocs\yiiapptest\protected\controllers\WilayahController.php(19): WilayahController->render()
#5 unknown(0): WilayahController->actionView()
#6 C:\xampp\htdocs\yii\framework\web\actions\CAction.php(114): ReflectionMethod->invokeArgs()
#7 C:\xampp\htdocs\yii\framework\web\actions\CInlineAction.php(47): CInlineAction->runWithParamsInternal()
#8 C:\xampp\htdocs\yii\framework\web\CController.php(308): CInlineAction->runWithParams()
#9 C:\xampp\htdocs\yii\framework\web\CController.php(286): WilayahController->runAction()
#10 C:\xampp\htdocs\yii\framework\web\CController.php(265): WilayahController->runActionWithFilters()
#11 C:\xampp\htdocs\yii\framework\web\CWebApplication.php(282): WilayahController->run()
#12 C:\xampp\htdocs\yii\framework\web\CWebApplication.php(141): CWebApplication->runController()
#13 C:\xampp\htdocs\yii\framework\base\CApplication.php(185): CWebApplication->processRequest()
#14 C:\xampp\htdocs\yiiapptest\index.php(13): CWebApplication->run()
REQUEST_URI=/yiiapptest/index.php/wilayah/view/1
in C:\xampp\htdocs\yiiapptest\protected\views\wilayah\view.php (16)
in C:\xampp\htdocs\yiiapptest\protected\controllers\WilayahController.php (19)
in C:\xampp\htdocs\yiiapptest\index.php (13)
2024/06/20 23:22:50 [error] [php] Undefined variable $dataProvider (C:\xampp\htdocs\yiiapptest\protected\views\wilayah\view.php:16)
Stack trace:
#0 C:\xampp\htdocs\yii\framework\web\CBaseController.php(126): require()
#1 C:\xampp\htdocs\yii\framework\web\CBaseController.php(95): WilayahController->renderInternal()
#2 C:\xampp\htdocs\yii\framework\web\CController.php(872): WilayahController->renderFile()
#3 C:\xampp\htdocs\yii\framework\web\CController.php(785): WilayahController->renderPartial()
#4 C:\xampp\htdocs\yiiapptest\protected\controllers\WilayahController.php(19): WilayahController->render()
#5 unknown(0): WilayahController->actionView()
#6 C:\xampp\htdocs\yii\framework\web\actions\CAction.php(114): ReflectionMethod->invokeArgs()
#7 C:\xampp\htdocs\yii\framework\web\actions\CInlineAction.php(47): CInlineAction->runWithParamsInternal()
#8 C:\xampp\htdocs\yii\framework\web\CController.php(308): CInlineAction->runWithParams()
#9 C:\xampp\htdocs\yii\framework\web\CController.php(286): WilayahController->runAction()
#10 C:\xampp\htdocs\yii\framework\web\CController.php(265): WilayahController->runActionWithFilters()
#11 C:\xampp\htdocs\yii\framework\web\CWebApplication.php(282): WilayahController->run()
#12 C:\xampp\htdocs\yii\framework\web\CWebApplication.php(141): CWebApplication->runController()
#13 C:\xampp\htdocs\yii\framework\base\CApplication.php(185): CWebApplication->processRequest()
#14 C:\xampp\htdocs\yiiapptest\index.php(13): CWebApplication->run()
REQUEST_URI=/yiiapptest/index.php/wilayah/view/1
in C:\xampp\htdocs\yiiapptest\protected\views\wilayah\view.php (16)
in C:\xampp\htdocs\yiiapptest\protected\controllers\WilayahController.php (19)
in C:\xampp\htdocs\yiiapptest\index.php (13)
2024/06/20 23:22:50 [error] [php] Undefined variable $dataProvider (C:\xampp\htdocs\yiiapptest\protected\views\wilayah\view.php:16)
Stack trace:
#0 C:\xampp\htdocs\yii\framework\web\CBaseController.php(126): require()
#1 C:\xampp\htdocs\yii\framework\web\CBaseController.php(95): WilayahController->renderInternal()
#2 C:\xampp\htdocs\yii\framework\web\CController.php(872): WilayahController->renderFile()
#3 C:\xampp\htdocs\yii\framework\web\CController.php(785): WilayahController->renderPartial()
#4 C:\xampp\htdocs\yiiapptest\protected\controllers\WilayahController.php(19): WilayahController->render()
#5 unknown(0): WilayahController->actionView()
#6 C:\xampp\htdocs\yii\framework\web\actions\CAction.php(114): ReflectionMethod->invokeArgs()
#7 C:\xampp\htdocs\yii\framework\web\actions\CInlineAction.php(47): CInlineAction->runWithParamsInternal()
#8 C:\xampp\htdocs\yii\framework\web\CController.php(308): CInlineAction->runWithParams()
#9 C:\xampp\htdocs\yii\framework\web\CController.php(286): WilayahController->runAction()
#10 C:\xampp\htdocs\yii\framework\web\CController.php(265): WilayahController->runActionWithFilters()
#11 C:\xampp\htdocs\yii\framework\web\CWebApplication.php(282): WilayahController->run()
#12 C:\xampp\htdocs\yii\framework\web\CWebApplication.php(141): CWebApplication->runController()
#13 C:\xampp\htdocs\yii\framework\base\CApplication.php(185): CWebApplication->processRequest()
#14 C:\xampp\htdocs\yiiapptest\index.php(13): CWebApplication->run()
REQUEST_URI=/yiiapptest/index.php/wilayah/view/1
in C:\xampp\htdocs\yiiapptest\protected\views\wilayah\view.php (16)
in C:\xampp\htdocs\yiiapptest\protected\controllers\WilayahController.php (19)
in C:\xampp\htdocs\yiiapptest\index.php (13)
2024/06/20 23:22:50 [error] [php] Undefined variable $dataProvider (C:\xampp\htdocs\yiiapptest\protected\views\wilayah\view.php:16)
Stack trace:
#0 C:\xampp\htdocs\yii\framework\web\CBaseController.php(126): require()
#1 C:\xampp\htdocs\yii\framework\web\CBaseController.php(95): WilayahController->renderInternal()
#2 C:\xampp\htdocs\yii\framework\web\CController.php(872): WilayahController->renderFile()
#3 C:\xampp\htdocs\yii\framework\web\CController.php(785): WilayahController->renderPartial()
#4 C:\xampp\htdocs\yiiapptest\protected\controllers\WilayahController.php(19): WilayahController->render()
#5 unknown(0): WilayahController->actionView()
#6 C:\xampp\htdocs\yii\framework\web\actions\CAction.php(114): ReflectionMethod->invokeArgs()
#7 C:\xampp\htdocs\yii\framework\web\actions\CInlineAction.php(47): CInlineAction->runWithParamsInternal()
#8 C:\xampp\htdocs\yii\framework\web\CController.php(308): CInlineAction->runWithParams()
#9 C:\xampp\htdocs\yii\framework\web\CController.php(286): WilayahController->runAction()
#10 C:\xampp\htdocs\yii\framework\web\CController.php(265): WilayahController->runActionWithFilters()
#11 C:\xampp\htdocs\yii\framework\web\CWebApplication.php(282): WilayahController->run()
#12 C:\xampp\htdocs\yii\framework\web\CWebApplication.php(141): CWebApplication->runController()
#13 C:\xampp\htdocs\yii\framework\base\CApplication.php(185): CWebApplication->processRequest()
#14 C:\xampp\htdocs\yiiapptest\index.php(13): CWebApplication->run()
REQUEST_URI=/yiiapptest/index.php/wilayah/view/1
in C:\xampp\htdocs\yiiapptest\protected\views\wilayah\view.php (16)
in C:\xampp\htdocs\yiiapptest\protected\controllers\WilayahController.php (19)
in C:\xampp\htdocs\yiiapptest\index.php (13)
2024/06/20 23:22:50 [error] [php] Undefined variable $dataProvider (C:\xampp\htdocs\yiiapptest\protected\views\wilayah\view.php:16)
Stack trace:
#0 C:\xampp\htdocs\yii\framework\web\CBaseController.php(126): require()
#1 C:\xampp\htdocs\yii\framework\web\CBaseController.php(95): WilayahController->renderInternal()
#2 C:\xampp\htdocs\yii\framework\web\CController.php(872): WilayahController->renderFile()
#3 C:\xampp\htdocs\yii\framework\web\CController.php(785): WilayahController->renderPartial()
#4 C:\xampp\htdocs\yiiapptest\protected\controllers\WilayahController.php(19): WilayahController->render()
#5 unknown(0): WilayahController->actionView()
#6 C:\xampp\htdocs\yii\framework\web\actions\CAction.php(114): ReflectionMethod->invokeArgs()
#7 C:\xampp\htdocs\yii\framework\web\actions\CInlineAction.php(47): CInlineAction->runWithParamsInternal()
#8 C:\xampp\htdocs\yii\framework\web\CController.php(308): CInlineAction->runWithParams()
#9 C:\xampp\htdocs\yii\framework\web\CController.php(286): WilayahController->runAction()
#10 C:\xampp\htdocs\yii\framework\web\CController.php(265): WilayahController->runActionWithFilters()
#11 C:\xampp\htdocs\yii\framework\web\CWebApplication.php(282): WilayahController->run()
#12 C:\xampp\htdocs\yii\framework\web\CWebApplication.php(141): CWebApplication->runController()
#13 C:\xampp\htdocs\yii\framework\base\CApplication.php(185): CWebApplication->processRequest()
#14 C:\xampp\htdocs\yiiapptest\index.php(13): CWebApplication->run()
REQUEST_URI=/yiiapptest/index.php/wilayah/view/1
in C:\xampp\htdocs\yiiapptest\protected\views\wilayah\view.php (16)
in C:\xampp\htdocs\yiiapptest\protected\controllers\WilayahController.php (19)
in C:\xampp\htdocs\yiiapptest\index.php (13)
2024/06/20 23:22:53 [error] [php] Undefined variable $model (C:\xampp\htdocs\yiiapptest\protected\views\wilayah\index.php:4)
Stack trace:
#0 C:\xampp\htdocs\yii\framework\web\CBaseController.php(126): require()
#1 C:\xampp\htdocs\yii\framework\web\CBaseController.php(95): WilayahController->renderInternal()
#2 C:\xampp\htdocs\yii\framework\web\CController.php(872): WilayahController->renderFile()
#3 C:\xampp\htdocs\yii\framework\web\CController.php(785): WilayahController->renderPartial()
#4 C:\xampp\htdocs\yiiapptest\protected\controllers\WilayahController.php(9): WilayahController->render()
#5 C:\xampp\htdocs\yii\framework\web\actions\CInlineAction.php(49): WilayahController->actionIndex()
#6 C:\xampp\htdocs\yii\framework\web\CController.php(308): CInlineAction->runWithParams()
#7 C:\xampp\htdocs\yii\framework\web\CController.php(286): WilayahController->runAction()
#8 C:\xampp\htdocs\yii\framework\web\CController.php(265): WilayahController->runActionWithFilters()
#9 C:\xampp\htdocs\yii\framework\web\CWebApplication.php(282): WilayahController->run()
#10 C:\xampp\htdocs\yii\framework\web\CWebApplication.php(141): CWebApplication->runController()
#11 C:\xampp\htdocs\yii\framework\base\CApplication.php(185): CWebApplication->processRequest()
#12 C:\xampp\htdocs\yiiapptest\index.php(13): CWebApplication->run()
REQUEST_URI=/yiiapptest/index.php/wilayah/index
in C:\xampp\htdocs\yiiapptest\protected\views\wilayah\index.php (4)
in C:\xampp\htdocs\yiiapptest\protected\controllers\WilayahController.php (9)
in C:\xampp\htdocs\yiiapptest\index.php (13)
2024/06/20 23:22:55 [error] [php] Undefined variable $model (C:\xampp\htdocs\yiiapptest\protected\views\wilayah\index.php:4)
Stack trace:
#0 C:\xampp\htdocs\yii\framework\web\CBaseController.php(126): require()
#1 C:\xampp\htdocs\yii\framework\web\CBaseController.php(95): WilayahController->renderInternal()
#2 C:\xampp\htdocs\yii\framework\web\CController.php(872): WilayahController->renderFile()
#3 C:\xampp\htdocs\yii\framework\web\CController.php(785): WilayahController->renderPartial()
#4 C:\xampp\htdocs\yiiapptest\protected\controllers\WilayahController.php(9): WilayahController->render()
#5 C:\xampp\htdocs\yii\framework\web\actions\CInlineAction.php(49): WilayahController->actionIndex()
#6 C:\xampp\htdocs\yii\framework\web\CController.php(308): CInlineAction->runWithParams()
#7 C:\xampp\htdocs\yii\framework\web\CController.php(286): WilayahController->runAction()
#8 C:\xampp\htdocs\yii\framework\web\CController.php(265): WilayahController->runActionWithFilters()
#9 C:\xampp\htdocs\yii\framework\web\CWebApplication.php(282): WilayahController->run()
#10 C:\xampp\htdocs\yii\framework\web\CWebApplication.php(141): CWebApplication->runController()
#11 C:\xampp\htdocs\yii\framework\base\CApplication.php(185): CWebApplication->processRequest()
#12 C:\xampp\htdocs\yiiapptest\index.php(13): CWebApplication->run()
REQUEST_URI=/yiiapptest/index.php/wilayah/index
in C:\xampp\htdocs\yiiapptest\protected\views\wilayah\index.php (4)
in C:\xampp\htdocs\yiiapptest\protected\controllers\WilayahController.php (9)
in C:\xampp\htdocs\yiiapptest\index.php (13)
2024/06/20 23:25:30 [error] [php] Undefined variable $dataProvider (C:\xampp\htdocs\yiiapptest\protected\views\wilayah\view.php:16)
Stack trace:
#0 C:\xampp\htdocs\yii\framework\web\CBaseController.php(126): require()
#1 C:\xampp\htdocs\yii\framework\web\CBaseController.php(95): WilayahController->renderInternal()
#2 C:\xampp\htdocs\yii\framework\web\CController.php(872): WilayahController->renderFile()
#3 C:\xampp\htdocs\yii\framework\web\CController.php(785): WilayahController->renderPartial()
#4 C:\xampp\htdocs\yiiapptest\protected\controllers\WilayahController.php(19): WilayahController->render()
#5 unknown(0): WilayahController->actionView()
#6 C:\xampp\htdocs\yii\framework\web\actions\CAction.php(114): ReflectionMethod->invokeArgs()
#7 C:\xampp\htdocs\yii\framework\web\actions\CInlineAction.php(47): CInlineAction->runWithParamsInternal()
#8 C:\xampp\htdocs\yii\framework\web\CController.php(308): CInlineAction->runWithParams()
#9 C:\xampp\htdocs\yii\framework\web\CController.php(286): WilayahController->runAction()
#10 C:\xampp\htdocs\yii\framework\web\CController.php(265): WilayahController->runActionWithFilters()
#11 C:\xampp\htdocs\yii\framework\web\CWebApplication.php(282): WilayahController->run()
#12 C:\xampp\htdocs\yii\framework\web\CWebApplication.php(141): CWebApplication->runController()
#13 C:\xampp\htdocs\yii\framework\base\CApplication.php(185): CWebApplication->processRequest()
#14 C:\xampp\htdocs\yiiapptest\index.php(13): CWebApplication->run()
REQUEST_URI=/yiiapptest/index.php/wilayah/view/1
in C:\xampp\htdocs\yiiapptest\protected\views\wilayah\view.php (16)
in C:\xampp\htdocs\yiiapptest\protected\controllers\WilayahController.php (19)
in C:\xampp\htdocs\yiiapptest\index.php (13)
2024/06/20 23:25:39 [error] [php] Undefined variable $dataProvider (C:\xampp\htdocs\yiiapptest\protected\views\wilayah\view.php:16)
Stack trace:
#0 C:\xampp\htdocs\yii\framework\web\CBaseController.php(126): require()
#1 C:\xampp\htdocs\yii\framework\web\CBaseController.php(95): WilayahController->renderInternal()
#2 C:\xampp\htdocs\yii\framework\web\CController.php(872): WilayahController->renderFile()
#3 C:\xampp\htdocs\yii\framework\web\CController.php(785): WilayahController->renderPartial()
#4 C:\xampp\htdocs\yiiapptest\protected\controllers\WilayahController.php(19): WilayahController->render()
#5 unknown(0): WilayahController->actionView()
#6 C:\xampp\htdocs\yii\framework\web\actions\CAction.php(114): ReflectionMethod->invokeArgs()
#7 C:\xampp\htdocs\yii\framework\web\actions\CInlineAction.php(47): CInlineAction->runWithParamsInternal()
#8 C:\xampp\htdocs\yii\framework\web\CController.php(308): CInlineAction->runWithParams()
#9 C:\xampp\htdocs\yii\framework\web\CController.php(286): WilayahController->runAction()
#10 C:\xampp\htdocs\yii\framework\web\CController.php(265): WilayahController->runActionWithFilters()
#11 C:\xampp\htdocs\yii\framework\web\CWebApplication.php(282): WilayahController->run()
#12 C:\xampp\htdocs\yii\framework\web\CWebApplication.php(141): CWebApplication->runController()
#13 C:\xampp\htdocs\yii\framework\base\CApplication.php(185): CWebApplication->processRequest()
#14 C:\xampp\htdocs\yiiapptest\index.php(13): CWebApplication->run()
REQUEST_URI=/yiiapptest/index.php/wilayah/view/6
in C:\xampp\htdocs\yiiapptest\protected\views\wilayah\view.php (16)
in C:\xampp\htdocs\yiiapptest\protected\controllers\WilayahController.php (19)
in C:\xampp\htdocs\yiiapptest\index.php (13)
2024/06/20 21:36:04 [error] [system.db.CDbCommand] CDbCommand::fetchAll() failed: SQLSTATE[42S02]: Base table or view not found: 1146 Table 'testing_testyii.users' doesn't exist. The SQL statement executed was: SHOW FULL COLUMNS FROM `users`.
2024/06/20 21:36:04 [error] [system.db.CDbCommand] CDbCommand::fetchAll() failed: SQLSTATE[42S02]: Base table or view not found: 1146 Table 'testing_testyii.users' doesn't exist. The SQL statement executed was: SHOW FULL COLUMNS FROM `users`.
2024/06/20 21:36:39 [error] [system.db.CDbCommand] CDbCommand::fetchAll() failed: SQLSTATE[42S02]: Base table or view not found: 1146 Table 'testing_testyii.users' doesn't exist. The SQL statement executed was: SHOW FULL COLUMNS FROM `users`.
2024/06/20 21:36:04 [error] [system.db.CDbCommand] CDbCommand::fetchAll() failed: SQLSTATE[42S02]: Base table or view not found: 1146 Table 'testing_testyii.users' doesn't exist. The SQL statement executed was: SHOW FULL COLUMNS FROM `users`.
2024/06/20 21:36:04 [error] [system.db.CDbCommand] CDbCommand::fetchAll() failed: SQLSTATE[42S02]: Base table or view not found: 1146 Table 'testing_testyii.users' doesn't exist. The SQL statement executed was: SHOW FULL COLUMNS FROM `users`.
2024/06/20 21:36:39 [error] [system.db.CDbCommand] CDbCommand::fetchAll() failed: SQLSTATE[42S02]: Base table or view not found: 1146 Table 'testing_testyii.users' doesn't exist. The SQL statement executed was: SHOW FULL COLUMNS FROM `users`.
2024/06/20 23:48:53 [error] [exception.CHttpException.403] CHttpException: You are not authorized to perform this action. in C:\xampp\htdocs\yii\framework\web\auth\CAccessControlFilter.php:183
Stack trace:
#0 C:\xampp\htdocs\yii\framework\web\auth\CAccessControlFilter.php(145): CAccessControlFilter->accessDenied(Object(CWebUser), 'You are not aut...')
#1 C:\xampp\htdocs\yii\framework\web\filters\CFilter.php(38): CAccessControlFilter->preFilter(Object(CFilterChain))
#2 C:\xampp\htdocs\yii\framework\web\CController.php(1148): CFilter->filter(Object(CFilterChain))
#3 C:\xampp\htdocs\yii\framework\web\filters\CInlineFilter.php(58): CController->filterAccessControl(Object(CFilterChain))
#4 C:\xampp\htdocs\yii\framework\web\filters\CFilterChain.php(131): CInlineFilter->filter(Object(CFilterChain))
#5 C:\xampp\htdocs\yii\framework\web\CController.php(291): CFilterChain->run()
#6 C:\xampp\htdocs\yii\framework\web\CController.php(265): CController->runActionWithFilters(Object(CInlineAction), Array)
#7 C:\xampp\htdocs\yii\framework\web\CWebApplication.php(282): CController->run('admin')
#8 C:\xampp\htdocs\yii\framework\web\CWebApplication.php(141): CWebApplication->runController('user/admin')
#9 C:\xampp\htdocs\yii\framework\base\CApplication.php(185): CWebApplication->processRequest()
#10 C:\xampp\htdocs\yiiapptest\index.php(13): CApplication->run()
#11 {main}
REQUEST_URI=/yiiapptest/index.php/user/admin
HTTP_REFERER=http://localhost/yiiapptest/index.php/user/index
---
2024/06/20 23:58:05 [error] [exception.CHttpException.404] CHttpException: The system is unable to find the requested action "admin". in C:\xampp\htdocs\yii\framework\web\CController.php:486
Stack trace:
#0 C:\xampp\htdocs\yii\framework\web\CController.php(270): CController->missingAction('admin')
#1 C:\xampp\htdocs\yii\framework\web\CWebApplication.php(282): CController->run('admin')
#2 C:\xampp\htdocs\yii\framework\web\CWebApplication.php(141): CWebApplication->runController('user/admin')
#3 C:\xampp\htdocs\yii\framework\base\CApplication.php(185): CWebApplication->processRequest()
#4 C:\xampp\htdocs\yiiapptest\index.php(13): CApplication->run()
#5 {main}
REQUEST_URI=/yiiapptest/index.php/user/admin
HTTP_REFERER=http://localhost/yiiapptest/index.php/user/index
---
2024/06/20 23:58:05 [error] [exception.CHttpException.404] CHttpException: The system is unable to find the requested action "admin". in C:\xampp\htdocs\yii\framework\web\CController.php:486
Stack trace:
#0 C:\xampp\htdocs\yii\framework\web\CController.php(270): CController->missingAction('admin')
#1 C:\xampp\htdocs\yii\framework\web\CWebApplication.php(282): CController->run('admin')
#2 C:\xampp\htdocs\yii\framework\web\CWebApplication.php(141): CWebApplication->runController('user/admin')
#3 C:\xampp\htdocs\yii\framework\base\CApplication.php(185): CWebApplication->processRequest()
#4 C:\xampp\htdocs\yiiapptest\index.php(13): CApplication->run()
#5 {main}
REQUEST_URI=/yiiapptest/index.php/user/admin
HTTP_REFERER=http://localhost/yiiapptest/index.php/user/index
---
2024/06/20 23:58:06 [error] [exception.CHttpException.404] CHttpException: The system is unable to find the requested action "admin". in C:\xampp\htdocs\yii\framework\web\CController.php:486
Stack trace:
#0 C:\xampp\htdocs\yii\framework\web\CController.php(270): CController->missingAction('admin')
#1 C:\xampp\htdocs\yii\framework\web\CWebApplication.php(282): CController->run('admin')
#2 C:\xampp\htdocs\yii\framework\web\CWebApplication.php(141): CWebApplication->runController('user/admin')
#3 C:\xampp\htdocs\yii\framework\base\CApplication.php(185): CWebApplication->processRequest()
#4 C:\xampp\htdocs\yiiapptest\index.php(13): CApplication->run()
#5 {main}
REQUEST_URI=/yiiapptest/index.php/user/admin
HTTP_REFERER=http://localhost/yiiapptest/index.php/user/index
---
2024/06/20 23:58:06 [error] [exception.CHttpException.404] CHttpException: The system is unable to find the requested action "admin". in C:\xampp\htdocs\yii\framework\web\CController.php:486
Stack trace:
#0 C:\xampp\htdocs\yii\framework\web\CController.php(270): CController->missingAction('admin')
#1 C:\xampp\htdocs\yii\framework\web\CWebApplication.php(282): CController->run('admin')
#2 C:\xampp\htdocs\yii\framework\web\CWebApplication.php(141): CWebApplication->runController('user/admin')
#3 C:\xampp\htdocs\yii\framework\base\CApplication.php(185): CWebApplication->processRequest()
#4 C:\xampp\htdocs\yiiapptest\index.php(13): CApplication->run()
#5 {main}
REQUEST_URI=/yiiapptest/index.php/user/admin
HTTP_REFERER=http://localhost/yiiapptest/index.php/user/index
---
2024/06/20 23:58:06 [error] [exception.CHttpException.404] CHttpException: The system is unable to find the requested action "admin". in C:\xampp\htdocs\yii\framework\web\CController.php:486
Stack trace:
#0 C:\xampp\htdocs\yii\framework\web\CController.php(270): CController->missingAction('admin')
#1 C:\xampp\htdocs\yii\framework\web\CWebApplication.php(282): CController->run('admin')
#2 C:\xampp\htdocs\yii\framework\web\CWebApplication.php(141): CWebApplication->runController('user/admin')
#3 C:\xampp\htdocs\yii\framework\base\CApplication.php(185): CWebApplication->processRequest()
#4 C:\xampp\htdocs\yiiapptest\index.php(13): CApplication->run()
#5 {main}
REQUEST_URI=/yiiapptest/index.php/user/admin
HTTP_REFERER=http://localhost/yiiapptest/index.php/user/index
---
2024/06/20 23:58:07 [error] [exception.CHttpException.404] CHttpException: The system is unable to find the requested action "admin". in C:\xampp\htdocs\yii\framework\web\CController.php:486
Stack trace:
#0 C:\xampp\htdocs\yii\framework\web\CController.php(270): CController->missingAction('admin')
#1 C:\xampp\htdocs\yii\framework\web\CWebApplication.php(282): CController->run('admin')
#2 C:\xampp\htdocs\yii\framework\web\CWebApplication.php(141): CWebApplication->runController('user/admin')
#3 C:\xampp\htdocs\yii\framework\base\CApplication.php(185): CWebApplication->processRequest()
#4 C:\xampp\htdocs\yiiapptest\index.php(13): CApplication->run()
#5 {main}
REQUEST_URI=/yiiapptest/index.php/user/admin
HTTP_REFERER=http://localhost/yiiapptest/index.php/user/index
---
2024/06/20 23:58:29 [warning] [application] Failed to set unsafe attribute "email" of "User".
in C:\xampp\htdocs\yiiapptest\protected\controllers\UserController.php (28)
in C:\xampp\htdocs\yiiapptest\index.php (13)
2024/06/20 23:58:31 [warning] [application] Failed to set unsafe attribute "email" of "User".
in C:\xampp\htdocs\yiiapptest\protected\controllers\UserController.php (28)
in C:\xampp\htdocs\yiiapptest\index.php (13)
2024/06/20 23:58:37 [warning] [application] Failed to set unsafe attribute "email" of "User".
in C:\xampp\htdocs\yiiapptest\protected\controllers\UserController.php (28)
in C:\xampp\htdocs\yiiapptest\index.php (13)
2024/06/20 23:58:37 [warning] [application] Failed to set unsafe attribute "email" of "User".
in C:\xampp\htdocs\yiiapptest\protected\controllers\UserController.php (28)
in C:\xampp\htdocs\yiiapptest\index.php (13)
2024/06/20 22:04:22 [error] [system.db.CDbCommand] CDbCommand::fetchAll() failed: SQLSTATE[42S02]: Base table or view not found: 1146 Table 'testing_testyii.pegawai' doesn't exist. The SQL statement executed was: SHOW FULL COLUMNS FROM `pegawai`.
2024/06/20 22:04:22 [error] [system.db.CDbCommand] CDbCommand::fetchAll() failed: SQLSTATE[42S02]: Base table or view not found: 1146 Table 'testing_testyii.pegawai' doesn't exist. The SQL statement executed was: SHOW FULL COLUMNS FROM `pegawai`.
2024/06/20 22:04:35 [error] [system.db.CDbCommand] CDbCommand::fetchAll() failed: SQLSTATE[42S02]: Base table or view not found: 1146 Table 'testing_testyii.pegawai' doesn't exist. The SQL statement executed was: SHOW FULL COLUMNS FROM `pegawai`.
2024/06/20 22:04:22 [error] [system.db.CDbCommand] CDbCommand::fetchAll() failed: SQLSTATE[42S02]: Base table or view not found: 1146 Table 'testing_testyii.pegawai' doesn't exist. The SQL statement executed was: SHOW FULL COLUMNS FROM `pegawai`.
2024/06/20 22:04:22 [error] [system.db.CDbCommand] CDbCommand::fetchAll() failed: SQLSTATE[42S02]: Base table or view not found: 1146 Table 'testing_testyii.pegawai' doesn't exist. The SQL statement executed was: SHOW FULL COLUMNS FROM `pegawai`.
2024/06/20 22:04:35 [error] [system.db.CDbCommand] CDbCommand::fetchAll() failed: SQLSTATE[42S02]: Base table or view not found: 1146 Table 'testing_testyii.pegawai' doesn't exist. The SQL statement executed was: SHOW FULL COLUMNS FROM `pegawai`.
2024/06/21 01:44:07 [error] [exception.CHttpException.404] CHttpException: The system is unable to find the requested action "_form". in C:\xampp\htdocs\yii\framework\web\CController.php:486
Stack trace:
#0 C:\xampp\htdocs\yii\framework\web\CController.php(270): CController->missingAction('_form')
#1 C:\xampp\htdocs\yii\framework\web\CWebApplication.php(282): CController->run('_form')
#2 C:\xampp\htdocs\yii\framework\web\CWebApplication.php(141): CWebApplication->runController('pasien/_form')
#3 C:\xampp\htdocs\yii\framework\base\CApplication.php(185): CWebApplication->processRequest()
#4 C:\xampp\htdocs\yiiapptest\index.php(13): CApplication->run()
#5 {main}
REQUEST_URI=/yiiapptest/index.php/pasien/_form
HTTP_REFERER=http://localhost/yiiapptest/index.php/site/index
---
